<?xml version='1.0' encoding='UTF-8'?>
<testsuites tests="11" failures="0" errors="0" skipped="0" time="0.031">
        <testsuite name="luau.stdlib.StdlibSuite.Scheduler.spawnImmediate creates Task that completes or yields" tests="1" failures="0" errors="0" skipped="0" time="0.002" timestamp="2026-06-09T07:34:36">
        <properties>
        
      </properties>
        <testcase classname="luau.stdlib.StdlibSuite.Scheduler.spawnImmediate creates Task that completes or yields" name="luau.stdlib.StdlibSuite.Scheduler.spawnImmediate creates Task that completes or yields" time="0.002">
          
        </testcase>
      </testsuite><testsuite name="luau.stdlib.StdlibSuite.StdlibMask.Standard includes all expected libs, excludes Debug" tests="1" failures="0" errors="0" skipped="0" time="0.002" timestamp="2026-06-09T07:34:36">
        <properties>
        
      </properties>
        <testcase classname="luau.stdlib.StdlibSuite.StdlibMask.Standard includes all expected libs, excludes Debug" name="luau.stdlib.StdlibSuite.StdlibMask.Standard includes all expected libs, excludes Debug" time="0.002">
          
        </testcase>
      </testsuite><testsuite name="luau.stdlib.StdlibSuite.Scheduler.cancelTask on completed task is no-op" tests="1" failures="0" errors="0" skipped="0" time="0.0" timestamp="2026-06-09T07:34:36">
        <properties>
        
      </properties>
        <testcase classname="luau.stdlib.StdlibSuite.Scheduler.cancelTask on completed task is no-op" name="luau.stdlib.StdlibSuite.Scheduler.cancelTask on completed task is no-op" time="0.0">
          
        </testcase>
      </testsuite><testsuite name="luau.stdlib.StdlibSuite.Scheduler.deferTask creates Task in Queued state" tests="1" failures="0" errors="0" skipped="0" time="0.002" timestamp="2026-06-09T07:34:36">
        <properties>
        
      </properties>
        <testcase classname="luau.stdlib.StdlibSuite.Scheduler.deferTask creates Task in Queued state" name="luau.stdlib.StdlibSuite.Scheduler.deferTask creates Task in Queued state" time="0.002">
          
        </testcase>
      </testsuite><testsuite name="luau.stdlib.StdlibSuite.Scheduler.enqueueResume creates Queued task" tests="1" failures="0" errors="0" skipped="0" time="0.001" timestamp="2026-06-09T07:34:36">
        <properties>
        
      </properties>
        <testcase classname="luau.stdlib.StdlibSuite.Scheduler.enqueueResume creates Queued task" name="luau.stdlib.StdlibSuite.Scheduler.enqueueResume creates Queued task" time="0.001">
          
        </testcase>
      </testsuite><testsuite name="luau.stdlib.StdlibSuite.StdlibOpener.open calls openLibs then sandbox" tests="1" failures="0" errors="0" skipped="0" time="0.019" timestamp="2026-06-09T07:34:36">
        <properties>
        
      </properties>
        <testcase classname="luau.stdlib.StdlibSuite.StdlibOpener.open calls openLibs then sandbox" name="luau.stdlib.StdlibSuite.StdlibOpener.open calls openLibs then sandbox" time="0.019">
          
        </testcase>
      </testsuite><testsuite name="luau.stdlib.StdlibSuite.Scheduler.cancelTask removes a Parked task" tests="1" failures="0" errors="0" skipped="0" time="0.001" timestamp="2026-06-09T07:34:36">
        <properties>
        
      </properties>
        <testcase classname="luau.stdlib.StdlibSuite.Scheduler.cancelTask removes a Parked task" name="luau.stdlib.StdlibSuite.Scheduler.cancelTask removes a Parked task" time="0.001">
          
        </testcase>
      </testsuite><testsuite name="luau.stdlib.StdlibSuite.Scheduler.cancelThread cancels task by threadRef" tests="1" failures="0" errors="0" skipped="0" time="0.001" timestamp="2026-06-09T07:34:36">
        <properties>
        
      </properties>
        <testcase classname="luau.stdlib.StdlibSuite.Scheduler.cancelThread cancels task by threadRef" name="luau.stdlib.StdlibSuite.Scheduler.cancelThread cancels task by threadRef" time="0.001">
          
        </testcase>
      </testsuite><testsuite name="luau.stdlib.StdlibSuite.Scheduler.scheduleDelayed creates Task in Parked state" tests="1" failures="0" errors="0" skipped="0" time="0.001" timestamp="2026-06-09T07:34:36">
        <properties>
        
      </properties>
        <testcase classname="luau.stdlib.StdlibSuite.Scheduler.scheduleDelayed creates Task in Parked state" name="luau.stdlib.StdlibSuite.Scheduler.scheduleDelayed creates Task in Parked state" time="0.001">
          
        </testcase>
      </testsuite><testsuite name="luau.stdlib.StdlibSuite.Scheduler.currentTask is None outside resume" tests="1" failures="0" errors="0" skipped="0" time="0.001" timestamp="2026-06-09T07:34:36">
        <properties>
        
      </properties>
        <testcase classname="luau.stdlib.StdlibSuite.Scheduler.currentTask is None outside resume" name="luau.stdlib.StdlibSuite.Scheduler.currentTask is None outside resume" time="0.001">
          
        </testcase>
      </testsuite><testsuite name="luau.stdlib.StdlibSuite.TaskLibrary.install creates task global table" tests="1" failures="0" errors="0" skipped="0" time="0.001" timestamp="2026-06-09T07:34:36">
        <properties>
        
      </properties>
        <testcase classname="luau.stdlib.StdlibSuite.TaskLibrary.install creates task global table" name="luau.stdlib.StdlibSuite.TaskLibrary.install creates task global table" time="0.001">
          
        </testcase>
      </testsuite>
      </testsuites>