<?xml version='1.0' encoding='UTF-8'?>
<testsuites tests="22" failures="0" errors="0" skipped="22" time="0.0">
        <testsuite name="luau.panama.RefLifecycleTest.lx_ref stores table and lx_push_ref retrieves it" tests="1" failures="0" errors="0" skipped="1" time="0.0" timestamp="2026-06-09T07:33:49">
        <properties>
        
      </properties>
        <testcase classname="luau.panama.RefLifecycleTest.lx_ref stores table and lx_push_ref retrieves it" name="luau.panama.RefLifecycleTest.lx_ref stores table and lx_push_ref retrieves it" time="0.0">
          <skipped/>
        </testcase>
      </testsuite><testsuite name="luau.panama.SuspendResumeTest.native Suspend returns Yielded from resume()" tests="1" failures="0" errors="0" skipped="1" time="0.0" timestamp="2026-06-09T07:33:49">
        <properties>
        
      </properties>
        <testcase classname="luau.panama.SuspendResumeTest.native Suspend returns Yielded from resume()" name="luau.panama.SuspendResumeTest.native Suspend returns Yielded from resume()" time="0.0">
          <skipped/>
        </testcase>
      </testsuite><testsuite name="luau.panama.NativeFunctionTest.native function Return(1) — script receives correct value" tests="1" failures="0" errors="0" skipped="1" time="0.0" timestamp="2026-06-09T07:33:49">
        <properties>
        
      </properties>
        <testcase classname="luau.panama.NativeFunctionTest.native function Return(1) — script receives correct value" name="luau.panama.NativeFunctionTest.native function Return(1) — script receives correct value" time="0.0">
          <skipped/>
        </testcase>
      </testsuite><testsuite name="luau.panama.RefLifecycleTest.scoped block releases Refs on exit" tests="1" failures="0" errors="0" skipped="1" time="0.0" timestamp="2026-06-09T07:33:49">
        <properties>
        
      </properties>
        <testcase classname="luau.panama.RefLifecycleTest.scoped block releases Refs on exit" name="luau.panama.RefLifecycleTest.scoped block releases Refs on exit" time="0.0">
          <skipped/>
        </testcase>
      </testsuite><testsuite name="luau.panama.NativeFunctionTest.native function Fail — script sees error" tests="1" failures="0" errors="0" skipped="1" time="0.0" timestamp="2026-06-09T07:33:49">
        <properties>
        
      </properties>
        <testcase classname="luau.panama.NativeFunctionTest.native function Fail — script sees error" name="luau.panama.NativeFunctionTest.native function Fail — script sees error" time="0.0">
          <skipped/>
        </testcase>
      </testsuite><testsuite name="luau.panama.SuspendResumeTest.calling Resume with Left(LuaError) propagates error" tests="1" failures="0" errors="0" skipped="1" time="0.0" timestamp="2026-06-09T07:33:49">
        <properties>
        
      </properties>
        <testcase classname="luau.panama.SuspendResumeTest.calling Resume with Left(LuaError) propagates error" name="luau.panama.SuspendResumeTest.calling Resume with Left(LuaError) propagates error" time="0.0">
          <skipped/>
        </testcase>
      </testsuite><testsuite name="luau.panama.NativeLibSmokeTest.PanamaState.open() and close() lifecycle" tests="1" failures="0" errors="0" skipped="1" time="0.0" timestamp="2026-06-09T07:33:49">
        <properties>
        
      </properties>
        <testcase classname="luau.panama.NativeLibSmokeTest.PanamaState.open() and close() lifecycle" name="luau.panama.NativeLibSmokeTest.PanamaState.open() and close() lifecycle" time="0.0">
          <skipped/>
        </testcase>
      </testsuite><testsuite name="luau.panama.StringMarshalTest.empty string round-trip" tests="1" failures="0" errors="0" skipped="1" time="0.0" timestamp="2026-06-09T07:33:49">
        <properties>
        
      </properties>
        <testcase classname="luau.panama.StringMarshalTest.empty string round-trip" name="luau.panama.StringMarshalTest.empty string round-trip" time="0.0">
          <skipped/>
        </testcase>
      </testsuite><testsuite name="luau.panama.NativeLibSmokeTest.lx_newstate returns non-null pointer" tests="1" failures="0" errors="0" skipped="1" time="0.0" timestamp="2026-06-09T07:33:49">
        <properties>
        
      </properties>
        <testcase classname="luau.panama.NativeLibSmokeTest.lx_newstate returns non-null pointer" name="luau.panama.NativeLibSmokeTest.lx_newstate returns non-null pointer" time="0.0">
          <skipped/>
        </testcase>
      </testsuite><testsuite name="luau.panama.RefLifecycleTest.leaked Ref does not crash; state teardown frees it" tests="1" failures="0" errors="0" skipped="1" time="0.0" timestamp="2026-06-09T07:33:49">
        <properties>
        
      </properties>
        <testcase classname="luau.panama.RefLifecycleTest.leaked Ref does not crash; state teardown frees it" name="luau.panama.RefLifecycleTest.leaked Ref does not crash; state teardown frees it" time="0.0">
          <skipped/>
        </testcase>
      </testsuite><testsuite name="luau.panama.NativeFunctionTest.multiple native functions coexist by fnId" tests="1" failures="0" errors="0" skipped="1" time="0.0" timestamp="2026-06-09T07:33:49">
        <properties>
        
      </properties>
        <testcase classname="luau.panama.NativeFunctionTest.multiple native functions coexist by fnId" name="luau.panama.NativeFunctionTest.multiple native functions coexist by fnId" time="0.0">
          <skipped/>
        </testcase>
      </testsuite><testsuite name="luau.panama.StringMarshalTest.UTF-8 multibyte string round-trip (Japanese)" tests="1" failures="0" errors="0" skipped="1" time="0.0" timestamp="2026-06-09T07:33:49">
        <properties>
        
      </properties>
        <testcase classname="luau.panama.StringMarshalTest.UTF-8 multibyte string round-trip (Japanese)" name="luau.panama.StringMarshalTest.UTF-8 multibyte string round-trip (Japanese)" time="0.0">
          <skipped/>
        </testcase>
      </testsuite><testsuite name="luau.panama.CompileAndRunTest.resume returns Returned for trivial script" tests="1" failures="0" errors="0" skipped="1" time="0.0" timestamp="2026-06-09T07:33:49">
        <properties>
        
      </properties>
        <testcase classname="luau.panama.CompileAndRunTest.resume returns Returned for trivial script" name="luau.panama.CompileAndRunTest.resume returns Returned for trivial script" time="0.0">
          <skipped/>
        </testcase>
      </testsuite><testsuite name="luau.panama.CompileAndRunTest.compile syntax error returns Left(LuaError)" tests="1" failures="0" errors="0" skipped="1" time="0.0" timestamp="2026-06-09T07:33:49">
        <properties>
        
      </properties>
        <testcase classname="luau.panama.CompileAndRunTest.compile syntax error returns Left(LuaError)" name="luau.panama.CompileAndRunTest.compile syntax error returns Left(LuaError)" time="0.0">
          <skipped/>
        </testcase>
      </testsuite><testsuite name="luau.panama.StringMarshalTest.toBytes returns None for non-string stack slot" tests="1" failures="0" errors="0" skipped="1" time="0.0" timestamp="2026-06-09T07:33:49">
        <properties>
        
      </properties>
        <testcase classname="luau.panama.StringMarshalTest.toBytes returns None for non-string stack slot" name="luau.panama.StringMarshalTest.toBytes returns None for non-string stack slot" time="0.0">
          <skipped/>
        </testcase>
      </testsuite><testsuite name="luau.panama.SuspendResumeTest.synchronous resume after Suspend delivers result" tests="1" failures="0" errors="0" skipped="1" time="0.0" timestamp="2026-06-09T07:33:49">
        <properties>
        
      </properties>
        <testcase classname="luau.panama.SuspendResumeTest.synchronous resume after Suspend delivers result" name="luau.panama.SuspendResumeTest.synchronous resume after Suspend delivers result" time="0.0">
          <skipped/>
        </testcase>
      </testsuite><testsuite name="luau.panama.CompileAndRunTest.run 'return 1 + 1' yields integer 2 on stack" tests="1" failures="0" errors="0" skipped="1" time="0.0" timestamp="2026-06-09T07:33:49">
        <properties>
        
      </properties>
        <testcase classname="luau.panama.CompileAndRunTest.run 'return 1 + 1' yields integer 2 on stack" name="luau.panama.CompileAndRunTest.run 'return 1 + 1' yields integer 2 on stack" time="0.0">
          <skipped/>
        </testcase>
      </testsuite><testsuite name="luau.panama.CompileAndRunTest.compile valid script returns Right(())" tests="1" failures="0" errors="0" skipped="1" time="0.0" timestamp="2026-06-09T07:33:49">
        <properties>
        
      </properties>
        <testcase classname="luau.panama.CompileAndRunTest.compile valid script returns Right(())" name="luau.panama.CompileAndRunTest.compile valid script returns Right(())" time="0.0">
          <skipped/>
        </testcase>
      </testsuite><testsuite name="luau.panama.CompileAndRunTest.run multi-line script with local variables" tests="1" failures="0" errors="0" skipped="1" time="0.0" timestamp="2026-06-09T07:33:49">
        <properties>
        
      </properties>
        <testcase classname="luau.panama.CompileAndRunTest.run multi-line script with local variables" name="luau.panama.CompileAndRunTest.run multi-line script with local variables" time="0.0">
          <skipped/>
        </testcase>
      </testsuite><testsuite name="luau.panama.StringMarshalTest.ASCII string round-trip via push/read" tests="1" failures="0" errors="0" skipped="1" time="0.0" timestamp="2026-06-09T07:33:49">
        <properties>
        
      </properties>
        <testcase classname="luau.panama.StringMarshalTest.ASCII string round-trip via push/read" name="luau.panama.StringMarshalTest.ASCII string round-trip via push/read" time="0.0">
          <skipped/>
        </testcase>
      </testsuite><testsuite name="luau.panama.StringMarshalTest.toNativeString allocates null-terminated C string" tests="1" failures="0" errors="0" skipped="1" time="0.0" timestamp="2026-06-09T07:33:49">
        <properties>
        
      </properties>
        <testcase classname="luau.panama.StringMarshalTest.toNativeString allocates null-terminated C string" name="luau.panama.StringMarshalTest.toNativeString allocates null-terminated C string" time="0.0">
          <skipped/>
        </testcase>
      </testsuite><testsuite name="luau.panama.RefLifecycleTest.PanamaRef.close() is idempotent" tests="1" failures="0" errors="0" skipped="1" time="0.0" timestamp="2026-06-09T07:33:49">
        <properties>
        
      </properties>
        <testcase classname="luau.panama.RefLifecycleTest.PanamaRef.close() is idempotent" name="luau.panama.RefLifecycleTest.PanamaRef.close() is idempotent" time="0.0">
          <skipped/>
        </testcase>
      </testsuite>
      </testsuites>