<?xml version='1.0' encoding='UTF-8'?>
<testsuites tests="3" failures="3" errors="0" skipped="0" time="0.004">
        <testsuite name="luau.wasm.WasmModuleSmokeTest.beforeAll(luau.wasm.WasmModuleSmokeTest)" tests="1" failures="1" errors="0" skipped="0" time="0.0" timestamp="2026-06-09T09:44:34">
        <properties>
        
      </properties>
        <testcase classname="luau.wasm.WasmModuleSmokeTest.beforeAll(luau.wasm.WasmModuleSmokeTest)" name="luau.wasm.WasmModuleSmokeTest.beforeAll(luau.wasm.WasmModuleSmokeTest)" time="0.0">
          <failure message="Error: ENOENT: no such file or directory, open 'luau-shim.wasm'" type="org.scalajs.testing.common.Serializer$ThrowableSerializer$$anon$3">
          org.scalajs.testing.common.Serializer$ThrowableSerializer$$anon$3: Error: ENOENT: no such file or directory, open 'luau-shim.wasm'
    at &lt;jscode&gt;.Object.openSync(node:fs:556)
    at &lt;jscode&gt;.Object.readFileSync(node:fs:440)
    at luau.wasm.LuauShimFactory$.apply(/home/hoangdinh/OSS/luau-scala/out/wasm/test/fastLinkJSTest.dest/main.js:5137)
    at luau.wasm.WasmBackend$.load(/home/hoangdinh/OSS/luau-scala/out/wasm/test/fastLinkJSTest.dest/main.js:5442)
    at luau.wasm.WasmModuleSmokeTest.beforeAll(/home/hoangdinh/OSS/luau-scala/out/wasm/test/fastLinkJSTest.dest/main.js:46628)
    at munit.MUnitRunner$$anon$1.beforeAll(/home/hoangdinh/OSS/luau-scala/out/wasm/test/fastLinkJSTest.dest/main.js:24628)
    at munit.MUnitRunner$$anon$1.beforeAll(/home/hoangdinh/OSS/luau-scala/out/wasm/test/fastLinkJSTest.dest/main.js:24634)
    at &lt;jscode&gt;.{anonymous}()(/home/hoangdinh/OSS/luau-scala/out/wasm/test/fastLinkJSTest.dest/main.js:29532)
        </failure>
        </testcase>
      </testsuite><testsuite name="luau.wasm.WasmBackendSuite.beforeAll(luau.wasm.WasmBackendSuite)" tests="1" failures="1" errors="0" skipped="0" time="0.004" timestamp="2026-06-09T09:44:34">
        <properties>
        
      </properties>
        <testcase classname="luau.wasm.WasmBackendSuite.beforeAll(luau.wasm.WasmBackendSuite)" name="luau.wasm.WasmBackendSuite.beforeAll(luau.wasm.WasmBackendSuite)" time="0.004">
          <failure message="Error: ENOENT: no such file or directory, open 'luau-shim.wasm'" type="org.scalajs.testing.common.Serializer$ThrowableSerializer$$anon$3">
          org.scalajs.testing.common.Serializer$ThrowableSerializer$$anon$3: Error: ENOENT: no such file or directory, open 'luau-shim.wasm'
    at &lt;jscode&gt;.Object.openSync(node:fs:556)
    at &lt;jscode&gt;.Object.readFileSync(node:fs:440)
    at luau.wasm.LuauShimFactory$.apply(/home/hoangdinh/OSS/luau-scala/out/wasm/test/fastLinkJSTest.dest/main.js:5137)
    at luau.wasm.WasmBackend$.load(/home/hoangdinh/OSS/luau-scala/out/wasm/test/fastLinkJSTest.dest/main.js:5442)
    at luau.wasm.WasmBackendSuite.beforeAll(/home/hoangdinh/OSS/luau-scala/out/wasm/test/fastLinkJSTest.dest/main.js:46970)
    at munit.MUnitRunner$$anon$1.beforeAll(/home/hoangdinh/OSS/luau-scala/out/wasm/test/fastLinkJSTest.dest/main.js:24628)
    at munit.MUnitRunner$$anon$1.beforeAll(/home/hoangdinh/OSS/luau-scala/out/wasm/test/fastLinkJSTest.dest/main.js:24634)
    at &lt;jscode&gt;.{anonymous}()(/home/hoangdinh/OSS/luau-scala/out/wasm/test/fastLinkJSTest.dest/main.js:29532)
        </failure>
        </testcase>
      </testsuite><testsuite name="luau.wasm.WasmSpecificSuite.beforeAll(luau.wasm.WasmSpecificSuite)" tests="1" failures="1" errors="0" skipped="0" time="0.0" timestamp="2026-06-09T09:44:34">
        <properties>
        
      </properties>
        <testcase classname="luau.wasm.WasmSpecificSuite.beforeAll(luau.wasm.WasmSpecificSuite)" name="luau.wasm.WasmSpecificSuite.beforeAll(luau.wasm.WasmSpecificSuite)" time="0.0">
          <failure message="Error: ENOENT: no such file or directory, open 'luau-shim.wasm'" type="org.scalajs.testing.common.Serializer$ThrowableSerializer$$anon$3">
          org.scalajs.testing.common.Serializer$ThrowableSerializer$$anon$3: Error: ENOENT: no such file or directory, open 'luau-shim.wasm'
    at &lt;jscode&gt;.Object.openSync(node:fs:556)
    at &lt;jscode&gt;.Object.readFileSync(node:fs:440)
    at luau.wasm.LuauShimFactory$.apply(/home/hoangdinh/OSS/luau-scala/out/wasm/test/fastLinkJSTest.dest/main.js:5137)
    at luau.wasm.WasmBackend$.load(/home/hoangdinh/OSS/luau-scala/out/wasm/test/fastLinkJSTest.dest/main.js:5442)
    at luau.wasm.WasmSpecificSuite.beforeAll(/home/hoangdinh/OSS/luau-scala/out/wasm/test/fastLinkJSTest.dest/main.js:46743)
    at munit.MUnitRunner$$anon$1.beforeAll(/home/hoangdinh/OSS/luau-scala/out/wasm/test/fastLinkJSTest.dest/main.js:24628)
    at munit.MUnitRunner$$anon$1.beforeAll(/home/hoangdinh/OSS/luau-scala/out/wasm/test/fastLinkJSTest.dest/main.js:24634)
    at &lt;jscode&gt;.{anonymous}()(/home/hoangdinh/OSS/luau-scala/out/wasm/test/fastLinkJSTest.dest/main.js:29532)
        </failure>
        </testcase>
      </testsuite>
      </testsuites>